[debug] [2020-03-27T21:21:10.862Z] ----------------------------------------------------------------------
[debug] [2020-03-27T21:21:10.864Z] Command:       /usr/local/bin/firebase /home/maxplanko89/.cache/firebase/tools/lib/node_modules/firebase-tools/lib/bin/firebase deploy
[debug] [2020-03-27T21:21:10.864Z] CLI Version:   7.14.0
[debug] [2020-03-27T21:21:10.864Z] Platform:      linux
[debug] [2020-03-27T21:21:10.864Z] Node Version:  v12.13.1
[debug] [2020-03-27T21:21:10.864Z] Time:          Sat Mar 28 2020 02:21:10 GMT+0500 (Pakistan Standard Time)
[debug] [2020-03-27T21:21:10.864Z] ----------------------------------------------------------------------
[debug] [2020-03-27T21:21:10.864Z] 
[debug] [2020-03-27T21:21:10.870Z] > command requires scopes: ["email","openid","https://www.googleapis.com/auth/cloudplatformprojects.readonly","https://www.googleapis.com/auth/firebase","https://www.googleapis.com/auth/cloud-platform"]
[debug] [2020-03-27T21:21:10.870Z] > authorizing via signed-in user
[debug] [2020-03-27T21:21:10.870Z] [iam] checking project the-gestor for permissions ["firebase.projects.get","firebasehosting.sites.update"]
[debug] [2020-03-27T21:21:10.872Z] > refreshing access token with scopes: ["email","https://www.googleapis.com/auth/cloud-platform","https://www.googleapis.com/auth/cloudplatformprojects.readonly","https://www.googleapis.com/auth/firebase","openid"]
[debug] [2020-03-27T21:21:10.872Z] >>> HTTP REQUEST POST https://www.googleapis.com/oauth2/v3/token  
 <request body omitted>
[debug] [2020-03-27T21:21:11.368Z] <<< HTTP RESPONSE 200
[debug] [2020-03-27T21:21:11.372Z] >>> HTTP REQUEST POST https://cloudresourcemanager.googleapis.com/v1/projects/the-gestor:testIamPermissions  

[debug] [2020-03-27T21:21:18.147Z] <<< HTTP RESPONSE 200
[debug] [2020-03-27T21:21:18.151Z] >>> HTTP REQUEST GET https://firebase.googleapis.com/v1beta1/projects/the-gestor  
 
[debug] [2020-03-27T21:21:33.166Z] Server Error. getaddrinfo EAI_AGAIN firebase.googleapis.com
[debug] [2020-03-27T21:21:43.537Z] FirebaseError: Server Error. getaddrinfo EAI_AGAIN firebase.googleapis.com
    at Request._callback (/home/maxplanko89/.cache/firebase/tools/lib/node_modules/firebase-tools/lib/api.js:30:31)
    at self.callback (/home/maxplanko89/.cache/firebase/tools/lib/node_modules/request/request.js:185:22)
    at Request.emit (events.js:210:5)
    at Request.EventEmitter.emit (domain.js:475:20)
    at Request.onRequestError (/home/maxplanko89/.cache/firebase/tools/lib/node_modules/request/request.js:877:8)
    at ClientRequest.emit (events.js:215:7)
    at ClientRequest.EventEmitter.emit (domain.js:475:20)
    at TLSSocket.socketErrorListener (_http_client.js:406:9)
    at TLSSocket.emit (events.js:210:5)
    at TLSSocket.EventEmitter.emit (domain.js:475:20)
    at emitErrorNT (internal/streams/destroy.js:92:8)
    at emitErrorAndCloseNT (internal/streams/destroy.js:60:3)
    at processTicksAndRejections (internal/process/task_queues.js:80:21)
[error] 
[error] Error: Failed to get Firebase project the-gestor. Please make sure the project exists and your account has permission to access it.
